DiagnosticsPlugin.exe Information: 0 : [2/15/2019 5:52:02 PM] Starting DiagnosticPlugin.exe DiagnosticPlugin-ShutdownEvent DiagnosticPlugin-TotalShutdownEvent -wadVer1v5
DiagnosticsPlugin.exe Information: 0 : [2/15/2019 5:52:02 PM] Successfully saved IIS Directory state
DiagnosticsPlugin.exe Information: 0 : [2/15/2019 5:52:02 PM] Starting DiagnosticsPlugin
DiagnosticsPlugin.exe Information: 0 : [2/15/2019 5:52:02 PM] Emulator config file set to C:\Users\deniso\Documents\CloudSecurity\NewCloudRepo\NewCloudRepo-master\NewCloudRepo-master\AzureCloudService\csx\Debug\roles\WebRole1\approot\diagnostics.wadcfgx
DiagnosticsPlugin.exe Information: 0 : [2/15/2019 5:52:02 PM] DiagnosticsStoreRootPath set to: C:\Users\deniso\Documents\CloudSecurity\NewCloudRepo\NewCloudRepo-master\NewCloudRepo-master\AzureCloudService\csx\Debug\roles\WebRole1\approot
DiagnosticsPlugin.exe Information: 0 : [2/15/2019 5:52:02 PM] Loading config file: C:\Users\deniso\Documents\CloudSecurity\NewCloudRepo\NewCloudRepo-master\NewCloudRepo-master\AzureCloudService\csx\Debug\roles\WebRole1\approot\diagnostics.wadcfgx
DiagnosticsPlugin.exe Information: 0 : [2/15/2019 5:52:02 PM] Config file to read: C:\Users\deniso\Documents\CloudSecurity\NewCloudRepo\NewCloudRepo-master\NewCloudRepo-master\AzureCloudService\csx\Debug\roles\WebRole1\approot\diagnostics.wadcfgx
DiagnosticsPlugin.exe Information: 0 : [2/15/2019 5:52:02 PM] Checking VM Type
DiagnosticsPlugin.exe Information: 0 : [2/15/2019 5:52:02 PM] Emulator config file set to C:\Users\deniso\Documents\CloudSecurity\NewCloudRepo\NewCloudRepo-master\NewCloudRepo-master\AzureCloudService\csx\Debug\roles\WebRole1\approot\diagnostics.wadcfgx
DiagnosticsPlugin.exe Information: 0 : [2/15/2019 5:52:02 PM] Extension set to Emulator Mode
DiagnosticsPlugin.exe Information: 0 : [2/15/2019 5:52:02 PM] Reading XML configuration file
DiagnosticsPlugin.exe Information: 0 : [2/15/2019 5:52:02 PM] Bypassing private config decryption
DiagnosticsPlugin.exe Information: 0 : [2/15/2019 5:52:02 PM] WadCfg is provided in initial configuration. Using that to initialize Diagnostics.
DiagnosticsPlugin.exe Information: 0 : [2/15/2019 5:52:02 PM] <PublicConfig xmlns="http://schemas.microsoft.com/ServiceHosting/2010/10/DiagnosticsConfiguration">
  <WadCfg>
    <DiagnosticMonitorConfiguration overallQuotaInMB="4096">
      <DiagnosticInfrastructureLogs scheduledTransferLogLevelFilter="Error" />
      <Directories scheduledTransferPeriod="PT1M">
        <IISLogs containerName="wad-iis-logfiles" />
        <FailedRequestLogs containerName="wad-failedrequestlogs" />
      </Directories>
      <PerformanceCounters scheduledTransferPeriod="PT1M">
        <PerformanceCounterConfiguration counterSpecifier="\Memory\Available MBytes" sampleRate="PT3M" />
        <PerformanceCounterConfiguration counterSpecifier="\Web Service(_Total)\ISAPI Extension Requests/sec" sampleRate="PT3M" />
        <PerformanceCounterConfiguration counterSpecifier="\Web Service(_Total)\Bytes Total/Sec" sampleRate="PT3M" />
        <PerformanceCounterConfiguration counterSpecifier="\ASP.NET Applications(__Total__)\Requests/Sec" sampleRate="PT3M" />
        <PerformanceCounterConfiguration counterSpecifier="\ASP.NET Applications(__Total__)\Errors Total/Sec" sampleRate="PT3M" />
        <PerformanceCounterConfiguration counterSpecifier="\ASP.NET\Requests Queued" sampleRate="PT3M" />
        <PerformanceCounterConfiguration counterSpecifier="\ASP.NET\Requests Rejected" sampleRate="PT3M" />
        <PerformanceCounterConfiguration counterSpecifier="\Processor(_Total)\% Processor Time" sampleRate="PT3M" />
      </PerformanceCounters>
      <WindowsEventLog scheduledTransferPeriod="PT1M">
        <DataSource name="Application!*[System[(Level=1 or Level=2 or Level=3)]]" />
        <DataSource name="Windows Azure!*[System[(Level=1 or Level=2 or Level=3 or Level=4)]]" />
      </WindowsEventLog>
      <CrashDumps>
        <CrashDumpConfiguration processName="WaIISHost.exe" />
        <CrashDumpConfiguration processName="WaWorkerHost.exe" />
        <CrashDumpConfiguration processName="w3wp.exe" />
      </CrashDumps>
      <Logs scheduledTransferPeriod="PT1M" scheduledTransferLogLevelFilter="Error" />
    </DiagnosticMonitorConfiguration>
  </WadCfg>
  <StorageAccount>devstoreaccount1</StorageAccount>
</PublicConfig>
DiagnosticsPlugin.exe Information: 0 : [2/15/2019 5:52:02 PM] Private setting is loaded
DiagnosticsPlugin.exe Information: 0 : [2/15/2019 5:52:02 PM] Is config json/xml loaded
DiagnosticsPlugin.exe Information: 0 : [2/15/2019 5:52:02 PM] Checking if configuration needs to be fetched from the storage account and doing so if needed.
DiagnosticsPlugin.exe Information: 0 : [2/15/2019 5:52:02 PM] Successfully created checkpoint file C:\Users\deniso\Documents\CloudSecurity\NewCloudRepo\NewCloudRepo-master\NewCloudRepo-master\AzureCloudService\csx\Debug\roles\WebRole1\approot\WAD0105\Configuration\Checkpoint.txt
DiagnosticsPlugin.exe Information: 0 : [2/15/2019 5:52:02 PM] Will use local resource directory C:\Users\deniso\Documents\CloudSecurity\NewCloudRepo\NewCloudRepo-master\NewCloudRepo-master\AzureCloudService\csx\Debug\roles\WebRole1\approot\WAD0105
DiagnosticsPlugin.exe Information: 0 : [2/15/2019 5:52:02 PM] Will use endpoint https://core.windows.net for storage.
DiagnosticsPlugin.exe Information: 0 : [2/15/2019 5:52:03 PM] Expanding path %SystemDrive%\inetpub\logs\LogFiles to C:\inetpub\logs\LogFiles
DiagnosticsPlugin.exe Information: 0 : [2/15/2019 5:52:03 PM] Expanding path %SystemDrive%\inetpub\logs\FailedReqLogFiles to C:\inetpub\logs\FailedReqLogFiles
DiagnosticsPlugin.exe Information: 0 : [2/15/2019 5:52:03 PM] Expanding path C:\Users\deniso\AppData\Local\dftmp\Resources\bc16962d-83ae-4e38-a326-f397f794da3b\directory\DiagnosticStore\LogFiles\Web to C:\Users\deniso\AppData\Local\dftmp\Resources\bc16962d-83ae-4e38-a326-f397f794da3b\directory\DiagnosticStore\LogFiles\Web
DiagnosticsPlugin.exe Information: 0 : [2/15/2019 5:52:03 PM] Expanding path C:\Users\deniso\AppData\Local\dftmp\Resources\bc16962d-83ae-4e38-a326-f397f794da3b\directory\DiagnosticStore\FailedReqLogFiles\Web to C:\Users\deniso\AppData\Local\dftmp\Resources\bc16962d-83ae-4e38-a326-f397f794da3b\directory\DiagnosticStore\FailedReqLogFiles\Web
DiagnosticsPlugin.exe Information: 0 : [2/15/2019 5:52:03 PM] Created IIS log watch item: "C:\inetpub\logs\LogFiles"
DiagnosticsPlugin.exe Information: 0 : [2/15/2019 5:52:03 PM] Created IIS log watch item: "C:\Users\deniso\AppData\Local\dftmp\Resources\bc16962d-83ae-4e38-a326-f397f794da3b\directory\DiagnosticStore\LogFiles\Web"
DiagnosticsPlugin.exe Information: 0 : [2/15/2019 5:52:03 PM] Created IIS failed requests watch item: "C:\inetpub\logs\FailedReqLogFiles"
DiagnosticsPlugin.exe Information: 0 : [2/15/2019 5:52:03 PM] Created IIS failed requests watch item: "C:\Users\deniso\AppData\Local\dftmp\Resources\bc16962d-83ae-4e38-a326-f397f794da3b\directory\DiagnosticStore\FailedReqLogFiles\Web"
DiagnosticsPlugin.exe Information: 0 : [2/15/2019 5:52:03 PM] Running in emulator mode, crash dumps not enabled
DiagnosticsPlugin.exe Information: 0 : [2/15/2019 5:52:03 PM] Checking to see if Application Insights extension needs to be configured.
DiagnosticsPlugin.exe Information: 0 : [2/15/2019 5:52:03 PM] In emulator mode and using devstore updating XStoreAccount info, command line args: -LocalPath "C:\Users\deniso\Documents\CloudSecurity\NewCloudRepo\NewCloudRepo-master\NewCloudRepo-master\AzureCloudService\csx\Debug\roles\WebRole1\approot\WAD0105"  -ConfigFile "C:\Users\deniso\Documents\CloudSecurity\NewCloudRepo\NewCloudRepo-master\NewCloudRepo-master\AzureCloudService\csx\Debug\roles\WebRole1\approot\WAD0105\Configuration\MaConfig.xml" -ShutDownEvent WADDM-ShutDown-decc58a4d8bf48b987c18befa8abd6c5  -TotalShutDownEvent WADDM-TotalShutDown-decc58a4d8bf48b987c18befa8abd6c5 -InitializedEvent WADM-StartUp-decc58a4d8bf48b987c18befa8abd6c5 -parent 21468 -events -wadVer1v5 -UseProxyServer -XStoreAccounts WadAccount#true#devstoreaccount1#Eby8vdM02xNOcqFlqUwJPLlmEtlCDXJ1OUzFT50uSRZ6IFsuFq2UVErCz4I6tq/K1SZFPTOtr/KBHBeksoGMGw==#http://127.0.0.1:10002#http://127.0.0.1:10001#http://127.0.0.1:10000
DiagnosticsPlugin.exe Error: 0 : [2/15/2019 5:52:33 PM] Microsoft.Cis.Monitoring.Query.QueryException: ErrorFail
   at Microsoft.Cis.Monitoring.Query.QueryLocalTable..ctor(String TableName, String TablePath)
   at ApplicationInsightsExtension.MATableReader.ReadTableRecords(String tableName, String tablePath, DateTime startTime, DateTime endTime)
   at Microsoft.Azure.Plugins.Diagnostics.dll.MAStatusWriter.UpdateStatusReport(Object sender, ElapsedEventArgs e)
